/CMC/tools/cadence/IC06.18.020_lnx86/tools.lnx86/dfII/bin/64bit/si: /CMC/tools/cadence/IC06.18.020_lnx86/tools.lnx86/lib/64bit/liblber-2.4.so.2: no version information available (required by /usr/lib/x86_64-linux-gnu/libcurl.so.4)

/CMC/tools/cadence/IC06.18.020_lnx86/tools.lnx86/dfII/bin/64bit/si: /CMC/tools/cadence/IC06.18.020_lnx86/tools.lnx86/lib/64bit/liblber-2.4.so.2: no version information available (required by /usr/lib/x86_64-linux-gnu/libldap_r-2.4.so.2)

Virtuoso Framework License (111) was checked out successfully. Total checkout time was 0.10s.

*Error* eval: undefined function - _lbuiNextLicenseDialog

Initializing from libInit.il for library tsmcN65...
   --  /CMC/tsmc_65nm/CRN65GP/TN65CMSP018K3_V1.0C/tsmcN65/../skill/pcode1.cxt
   --  /CMC/tsmc_65nm/CRN65GP/TN65CMSP018K3_V1.0C/tsmcN65/../skill/pcode2.cxt
   --  tsmcPdkParamTable.il
   --  tsmcN65_updateCDFs.il
   --  tsmc_esti.ile
   --  /CMC/tsmc_65nm/CRN65GP/TN65CMSP018K3_V1.0C/tsmcN65/../skill/tsmcN65gp_v1d0c.cxt
   --  /CMC/tsmc_65nm/CRN65GP/TN65CMSP018K3_V1.0C/tsmcN65/../skill/tsmcN65_newAMS.cxt
   --  /CMC/tsmc_65nm/CRN65GP/TN65CMSP018K3_V1.0C/tsmcN65/../skill/tsmcN65_newRTMOM.cxt
   --  /CMC/tsmc_65nm/CRN65GP/TN65CMSP018K3_V1.0C/tsmcN65/../skill/tsmcN65GP_v1d0.cxt
   --  tsmcN65.cxt
   --  tif_tcf_crn65gp_v1.0a.cxt
   --  tsmcN65Tool.cxt
   --  /CMC/tsmc_65nm/CRN65GP/TN65CMSP018K3_V1.0C/tsmcN65/../skill/tsmcN65GP_v1d0.cxt
   --  /CMC/tsmc_65nm/CRN65GP/TN65CMSP018K3_V1.0C/tsmcN65/../skill/tsmcN65_newRTMOM.cxt
*WARNING* (loadContext): context //CMC/tsmc_65nm/CRN65GP/TN65CMSP018K3_V1.0C/tsmcN65/../skill/64bit/tsmcN65GP_v1d0.cxt already loaded

   --  /CMC/tsmc_65nm/CRN65GP/TN65CMSP018K3_V1.0C/tsmcN65/../skill/tsmcN65_newAMS.cxt
*WARNING* (loadContext): context //CMC/tsmc_65nm/CRN65GP/TN65CMSP018K3_V1.0C/tsmcN65/../skill/64bit/tsmcN65_newRTMOM.cxt already loaded

Loading Working place Display File '/home/t3rampal/ece720t7-f24/labs/t3rampal-lab2/display.drf'
*WARNING* (loadContext): context //CMC/tsmc_65nm/CRN65GP/TN65CMSP018K3_V1.0C/tsmcN65/../skill/64bit/tsmcN65_newAMS.cxt already loaded

Running Artist Hierarchical Netlisting ...

End netlisting Oct 23 16:03:37 2024

