\o Program:		@(#)$CDS: libManager version 6.1.8 - CAT37 02/01/2019 12:41 (sjfhw303) $
\o Sub version:		sub-version  s010 
\o Arguments:		-unmapped -mpssession virtuoso21813 -mpshost jane 
\o Working Directory:	jane:/home/t3rampal/ece720t7-f24/labs/t3rampal-lab2
\o 64-bit offsets
\o Qt version: 		5.9.1
\o changeWorkingDir("/home/t3rampal/ece720t7-f24/labs/t3rampal-lab2") unnecessary.
\o ddSetForcedLib("") unnecessary.
\o Log file is "/home/t3rampal/ece720t7-f24/labs/t3rampal-lab2/libManager.log".
\o Opening libManager window.
\a nrSetWindowVisibility(cdsLibManager "show")
\o MPS service: map window
\o Library Manager customization server connected.
\a nrResizeWindow(cdsLibManager list(366 150 602 491))
\a nrSetCurrentWindow(cdsLibManager)
\a cdsLibManager->libListBox->value = "ece720t7"
\a cdsLibManager->libLineEdit->value = "ece720t7"
\a cdsLibManager->cellListBox->value = "low_swing_rx"
\a cdsLibManager->cellLineEdit->value = "low_swing_rx"
\a cdsLibManager->cellListBox->value = "low_swing_tx"
\a cdsLibManager->cellLineEdit->value = "low_swing_tx"
\a cdsLibManager->viewListBox->value = "layout"
\a cdsLibManager->viewLineEdit->value = "layout"
\o MPS request: edit design
\a nrListItemAction(cdsLibManager->gdmXTView 0 0)
\a cdsLibManager->libListBox->value = nil
\a cdsLibManager->libLineEdit->value = ""
\a cdsLibManager->cellListBox->value = nil
\a cdsLibManager->viewLineEdit->value = ""
\a cdsLibManager->viewListBox->value = nil
\a cdsLibManager->cellLineEdit->value = ""
\a cdsLibManager->libListBox->value = "ece720t7"
\a cdsLibManager->libLineEdit->value = "ece720t7"
\a cdsLibManager->cellListBox->value = "low_swing_tx"
\a cdsLibManager->cellLineEdit->value = "low_swing_tx"
\a cdsLibManager->viewListBox->value = "layout"
\a cdsLibManager->viewLineEdit->value = "layout"
\a cdsLibManager->viewLineEdit->value = ""
\a cdsLibManager->viewListBox->value = nil
\a cdsLibManager->viewListBox->value = "layout"
\a cdsLibManager->viewLineEdit->value = "layout"
\a cdsLibManager->libListBox->value = nil
\a cdsLibManager->libLineEdit->value = ""
\a cdsLibManager->cellListBox->value = nil
\a cdsLibManager->viewLineEdit->value = ""
\a cdsLibManager->viewListBox->value = nil
\a cdsLibManager->cellLineEdit->value = ""
\a cdsLibManager->libListBox->value = "ece720t7"
\a cdsLibManager->libLineEdit->value = "ece720t7"
\a cdsLibManager->cellListBox->value = "low_swing_tx"
\a cdsLibManager->cellLineEdit->value = "low_swing_tx"
\a cdsLibManager->viewListBox->value = "layout"
\a cdsLibManager->viewLineEdit->value = "layout"
\a cdsLibManager->viewLineEdit->value = ""
\a cdsLibManager->viewListBox->value = nil
\a cdsLibManager->viewListBox->value = "layout"
\a cdsLibManager->viewLineEdit->value = "layout"
\a nrSetCurrentWindow(cdsLibManager)
\a cdsLibManager->cellListBox->value = "low_swing_rx"
\a cdsLibManager->cellLineEdit->value = "low_swing_rx"
\a cdsLibManager->viewLineEdit->value = ""
\a cdsLibManager->viewListBox->value = nil
\a cdsLibManager->viewListBox->value = "layout"
\a cdsLibManager->viewLineEdit->value = "layout"
\a cdsLibManager->viewListBox->value = nil
\a cdsLibManager->viewLineEdit->value = ""
\a cdsLibManager->viewListBox->value = "layout"
\a cdsLibManager->viewLineEdit->value = "layout"
\o MPS request: edit design
\a nrListItemAction(cdsLibManager->gdmXTView 0 0)
\a nrSetCurrentWindow(cdsLibManager)
\a cdsLibManager->cellListBox->value = "low_swing_tx"
\a cdsLibManager->cellLineEdit->value = "low_swing_tx"
\a cdsLibManager->viewLineEdit->value = ""
\a cdsLibManager->viewListBox->value = nil
\a cdsLibManager->viewListBox->value = "layout"
\a cdsLibManager->viewLineEdit->value = "layout"
\a cdsLibManager->cellListBox->value = "low_swing_rx"
\a cdsLibManager->cellLineEdit->value = "low_swing_rx"
\a cdsLibManager->viewLineEdit->value = ""
\a cdsLibManager->viewListBox->value = nil
\a cdsLibManager->viewListBox->value = "layout"
\a cdsLibManager->viewLineEdit->value = "layout"
\a cdsLibManager->copySimpleButton->value = t
\a copyViewForm->SkipLibrariesEdit->value = "*"
\a copyViewForm->SkipLibrariesEdit->value = "*"
\a copyViewForm->CopyFromLibrary->value = "analogLib"
\a copyViewForm->CopyToLibrary->value = "analogLib"
\a copyViewForm->CopyFromLibrary->value = "ece720t7"
\a copyViewForm->CopyFromCell->value = "low_swing_rx"
\a copyViewForm->CopyFromView->value = "layout"
\a copyViewForm->CopyToLibrary->value = "ece720t7"
\a copyViewForm->CopyToCell->value = "low_swing_rx"
\a copyViewForm->CopyToView->value = "layout"
\a copyViewForm->ViewsToCopy->value = "layout"
\a copyViewForm->SkipLibrariesEdit->value = ""
\a copyViewForm->SkipLibrariesEdit->value = "analogLib avTech basic cdsDefTechLib sample sbaLib tcbn65gplus tpan65gpgv2od3 tpbn65v tpfn65gpgv2od3 tsmcN65"
\a nrSetWindowVisibility(copyViewForm "show")
\a nrSetCurrentWindow(copyViewForm)
\a nrResizeWindow(copyViewForm list(423 31 468 671))
\a nrResizeWindow(copyViewForm list(423 68 468 634))
\a nrResizeWindow(copyViewForm list(371 36 468 634))
\a copyViewForm->CopyToCell->value = "low_swing_rx_copy"
\a nrSetCurrentWindow(cdsLibManager)
\a nrSetCurrentWindow(cdsLibManager)
\a cdsLibManager->cellListBox->value = "low_swing_tx"
\a cdsLibManager->cellLineEdit->value = "low_swing_tx"
\a cdsLibManager->viewLineEdit->value = ""
\a cdsLibManager->viewListBox->value = nil
\a cdsLibManager->viewListBox->value = "layout"
\a cdsLibManager->viewLineEdit->value = "layout"
\a cdsLibManager->libListBox->value = "cdsDefTechLib"
\a cdsLibManager->libLineEdit->value = "cdsDefTechLib"
\a cdsLibManager->cellLineEdit->value = ""
\a cdsLibManager->cellListBox->value = nil
\a cdsLibManager->viewLineEdit->value = ""
\a cdsLibManager->viewListBox->value = nil
\a cdsLibManager->libListBox->value = "ece720t7"
\a cdsLibManager->libLineEdit->value = "ece720t7"
\a cdsLibManager->cellListBox->value = "low_swing_rx"
\a cdsLibManager->cellLineEdit->value = "low_swing_rx"
\a cdsLibManager->viewListBox->value = "layout"
\a cdsLibManager->viewLineEdit->value = "layout"
\a cdsLibManager->copySimpleButton->value = t
\a copyViewForm->SkipLibrariesEdit->value = "*"
\a copyViewForm->ViewsToCopy->value = ""
\a copyViewForm->CopyFromCell->value = ""
\a copyViewForm->CopyFromView->value = ""
\a copyViewForm->CopyToCell->value = ""
\a copyViewForm->CopyToView->value = ""
\a copyViewForm->CopyFromLibrary->value = ""
\a copyViewForm->CopyToLibrary->value = ""
\a copyViewForm->CopyFromLibrary->value = "analogLib"
\a copyViewForm->CopyToLibrary->value = "analogLib"
\a copyViewForm->CopyFromLibrary->value = "ece720t7"
\a copyViewForm->CopyFromCell->value = "low_swing_rx"
\a copyViewForm->CopyFromView->value = "layout"
\a copyViewForm->CopyToLibrary->value = "ece720t7"
\a copyViewForm->CopyToCell->value = "low_swing_rx"
\a copyViewForm->CopyToView->value = "layout"
\a copyViewForm->ViewsToCopy->value = "layout"
\a copyViewForm->SkipLibrariesEdit->value = ""
\a copyViewForm->SkipLibrariesEdit->value = "analogLib avTech basic cdsDefTechLib sample sbaLib tcbn65gplus tpan65gpgv2od3 tpbn65v tpfn65gpgv2od3 tsmcN65"
\a nrSetCurrentWindow(copyViewForm)
\a nrResizeWindow(copyViewForm list(371 36 468 634))
\a copyViewForm->CopyToCell->value = "low_swing_rx_Copy"
\a copyViewForm->OK->value = t
\o Beginning simple copy to library "ece720t7".
\o Processing files to be copied...
\a nrSetWindowVisibility(workingDialogForm "show")
\a nrSetCurrentWindow(workingDialogForm)
\a nrSetCurrentWindow(cdsLibManager)
\a nrSetCurrentWindow(workingDialogForm)
\a nrResizeWindow(workingDialogForm list(521 289 273 133))
\a workingDialogForm->Close->value = t
\a nrSetCurrentWindow(cdsLibManager)
\a cdsLibManager->libListBox->value = nil
\a cdsLibManager->libLineEdit->value = ""
\a cdsLibManager->cellLineEdit->value = ""
\a cdsLibManager->viewLineEdit->value = ""
\a cdsLibManager->cellListBox->value = nil
\a cdsLibManager->viewListBox->value = nil
\a cdsLibManager->libListBox->value = "ece720t7"
\a cdsLibManager->libLineEdit->value = "ece720t7"
\a cdsLibManager->cellListBox->value = "low_swing_rx"
\a cdsLibManager->cellLineEdit->value = "low_swing_rx"
\a cdsLibManager->viewListBox->value = "layout"
\a cdsLibManager->viewLineEdit->value = "layout"
\a cdsLibManager->viewLineEdit->value = ""
\a cdsLibManager->viewListBox->value = nil
\a cdsLibManager->viewListBox->value = "layout"
\a cdsLibManager->viewLineEdit->value = "layout"
\a copyViewForm->SkipLibrariesEdit->value = "*"
\a cdsLibManager->cellListBox->value = "low_swing_rx_Copy"
\a cdsLibManager->cellLineEdit->value = "low_swing_rx_Copy"
\a cdsLibManager->viewLineEdit->value = ""
\a cdsLibManager->viewListBox->value = nil
\a cdsLibManager->viewListBox->value = "layout"
\a cdsLibManager->viewLineEdit->value = "layout"
\a cdsLibManager->cellListBox->value = "low_swing_rx"
\a cdsLibManager->cellLineEdit->value = "low_swing_rx"
\a cdsLibManager->viewLineEdit->value = ""
\a cdsLibManager->viewListBox->value = nil
\a cdsLibManager->viewListBox->value = "layout"
\a cdsLibManager->viewLineEdit->value = "layout"
\a cdsLibManager->viewListBox->value = "schematic"
\a cdsLibManager->viewLineEdit->value = "schematic"
\a cdsLibManager->copySimpleButton->value = t
\a copyViewForm->SkipLibrariesEdit->value = "*"
\a copyViewForm->ViewsToCopy->value = ""
\a copyViewForm->CopyFromCell->value = ""
\a copyViewForm->CopyFromView->value = ""
\a copyViewForm->CopyToCell->value = ""
\a copyViewForm->CopyToView->value = ""
\a copyViewForm->CopyFromLibrary->value = ""
\a copyViewForm->CopyToLibrary->value = ""
\a copyViewForm->CopyFromLibrary->value = "analogLib"
\a copyViewForm->CopyToLibrary->value = "analogLib"
\a copyViewForm->CopyFromLibrary->value = "ece720t7"
\a copyViewForm->CopyFromCell->value = "low_swing_rx"
\a copyViewForm->CopyFromView->value = "schematic"
\a copyViewForm->CopyToLibrary->value = "ece720t7"
\a copyViewForm->CopyToCell->value = "low_swing_rx"
\a copyViewForm->CopyToView->value = "schematic"
\a copyViewForm->ViewsToCopy->value = "schematic"
\a copyViewForm->SkipLibrariesEdit->value = ""
\a copyViewForm->SkipLibrariesEdit->value = "analogLib avTech basic cdsDefTechLib sample sbaLib tcbn65gplus tpan65gpgv2od3 tpbn65v tpfn65gpgv2od3 tsmcN65"
\a nrSetCurrentWindow(copyViewForm)
\a copyViewForm->CopyToCell->value = "low_swing_rx_Copy"
\a copyViewForm->OK->value = t
\o Beginning simple copy to library "ece720t7".
\o Processing files to be copied...
\a nrSetCurrentWindow(cdsLibManager)
\a nrSetCurrentWindow(workingDialogForm)
\a nrResizeWindow(workingDialogForm list(521 289 273 133))
\a cdsLibManager->libListBox->value = nil
\a cdsLibManager->libLineEdit->value = ""
\a cdsLibManager->cellListBox->value = nil
\a cdsLibManager->viewLineEdit->value = ""
\a cdsLibManager->viewListBox->value = nil
\a cdsLibManager->cellLineEdit->value = ""
\a cdsLibManager->libListBox->value = "ece720t7"
\a cdsLibManager->libLineEdit->value = "ece720t7"
\a cdsLibManager->cellListBox->value = "low_swing_rx"
\a cdsLibManager->cellLineEdit->value = "low_swing_rx"
\a cdsLibManager->viewListBox->value = "schematic"
\a cdsLibManager->viewLineEdit->value = "schematic"
\a cdsLibManager->viewLineEdit->value = ""
\a cdsLibManager->viewListBox->value = nil
\a cdsLibManager->viewListBox->value = "schematic"
\a cdsLibManager->viewLineEdit->value = "schematic"
\a nrSetCurrentWindow(cdsLibManager)
\a copyViewForm->SkipLibrariesEdit->value = "*"
\a cdsLibManager->cellListBox->value = "low_swing_rx_Copy"
\a cdsLibManager->cellLineEdit->value = "low_swing_rx_Copy"
\a cdsLibManager->viewLineEdit->value = ""
\a cdsLibManager->viewListBox->value = nil
\a cdsLibManager->viewListBox->value = "schematic"
\a cdsLibManager->viewLineEdit->value = "schematic"
\a cdsLibManager->viewListBox->value = "layout"
\a cdsLibManager->viewLineEdit->value = "layout"
\a cdsLibManager->editDeleteButton->value = t
\a deleteForm->deleteFilterEdit->value = "*"
\a deleteForm->notDeleteFilterEdit->value = "*"
\a nrSetWindowVisibility(deleteForm "show")
\a nrSetCurrentWindow(deleteForm)
\a nrResizeWindow(deleteForm list(344 143 627 425))
\a deleteForm->OK->value = t
\o QUESTION (CLM-199): The following 1 items are marked for deletion.  Are you sure?
\a nrSetWindowVisibility(mcMBXDLG "show")
\a nrSetCurrentWindow(mcMBXDLG)
\a nrResizeWindow(mcMBXDLG list(498 270 268 91))
\a mcMBXDLG->pushButton1->value = t
\o Deleting view "layout" from cell "low_swing_rx_Copy" in library "ece720t7".
\o Deleted cellview 'ece720t7/low_swing_rx_Copy/layout'.
\a nrSetCurrentWindow(deleteForm)
\a nrSetCurrentWindow(cdsLibManager)
\o Deletion of 1 view done.
\a cdsLibManager->viewLineEdit->value = "schematic"
\a cdsLibManager->viewListBox->value = nil
\a cdsLibManager->viewLineEdit->value = ""
\a nrResizeWindow(workingDialogForm list(529 289 268 133))
\a cdsLibManager->libListBox->value = nil
\a cdsLibManager->libLineEdit->value = ""
\a cdsLibManager->cellListBox->value = nil
\a cdsLibManager->cellLineEdit->value = ""
\a cdsLibManager->libListBox->value = "ece720t7"
\a cdsLibManager->libLineEdit->value = "ece720t7"
\a cdsLibManager->cellListBox->value = "low_swing_rx_Copy"
\a cdsLibManager->cellLineEdit->value = "low_swing_rx_Copy"
\a cdsLibManager->viewListBox->value = "schematic"
\a cdsLibManager->viewLineEdit->value = "schematic"
\a cdsLibManager->viewLineEdit->value = ""
\a cdsLibManager->viewListBox->value = nil
\a cdsLibManager->viewListBox->value = "schematic"
\a cdsLibManager->viewLineEdit->value = "schematic"
\a cdsLibManager->viewLineEdit->value = ""
\a cdsLibManager->viewListBox->value = nil
\a nrSetCurrentWindow(workingDialogForm)
\a nrSetCurrentWindow(cdsLibManager)
\a cdsLibManager->viewListBox->value = "schematic"
\a cdsLibManager->viewLineEdit->value = "schematic"
\o MPS request: edit design
\a nrListItemAction(cdsLibManager->gdmXTView 0 0)
\a nrSetCurrentWindow(cdsLibManager)
\a nrSetCurrentWindow(cdsLibManager)
\a nrSetCurrentWindow(cdsLibManager)
\a nrSetCurrentWindow(cdsLibManager)
\a cdsLibManager->viewListBox->value = nil
\a cdsLibManager->viewLineEdit->value = ""
\a cdsLibManager->viewListBox->value = "schematic"
\a cdsLibManager->viewLineEdit->value = "schematic"
\o MPS request: edit design
\a nrListItemAction(cdsLibManager->gdmXTView 1 0)
\a nrSetCurrentWindow(cdsLibManager)
\a nrSetCurrentWindow(cdsLibManager)
\a nrSetCurrentWindow(cdsLibManager)
\a cdsLibManager->cellListBox->value = "low_swing_rx"
\a cdsLibManager->cellLineEdit->value = "low_swing_rx"
\a cdsLibManager->viewLineEdit->value = ""
\a cdsLibManager->viewListBox->value = nil
\a cdsLibManager->viewListBox->value = "schematic"
\a cdsLibManager->viewLineEdit->value = "schematic"
\a cdsLibManager->viewListBox->value = "layout"
\a cdsLibManager->viewLineEdit->value = "layout"
\o MPS request: edit design
\a nrListItemAction(cdsLibManager->gdmXTView 0 0)
\a nrSetCurrentWindow(cdsLibManager)
\a cdsLibManager->viewListBox->value = "schematic"
\a cdsLibManager->viewLineEdit->value = "schematic"
\o MPS request: edit design
\a nrListItemAction(cdsLibManager->gdmXTView 1 0)
\a cdsLibManager->libListBox->value = nil
\a cdsLibManager->libLineEdit->value = ""
\a cdsLibManager->cellListBox->value = nil
\a cdsLibManager->viewLineEdit->value = ""
\a cdsLibManager->viewListBox->value = nil
\a cdsLibManager->cellLineEdit->value = ""
\a cdsLibManager->libListBox->value = "ece720t7"
\a cdsLibManager->libLineEdit->value = "ece720t7"
\a cdsLibManager->cellListBox->value = "low_swing_rx"
\a cdsLibManager->cellLineEdit->value = "low_swing_rx"
\a cdsLibManager->viewListBox->value = "schematic"
\a cdsLibManager->viewLineEdit->value = "schematic"
\a cdsLibManager->viewLineEdit->value = ""
\a cdsLibManager->viewListBox->value = nil
\a cdsLibManager->viewListBox->value = "schematic"
\a cdsLibManager->viewLineEdit->value = "schematic"
\o MPS service: shutdown
\o libManager is exiting.
\a exit(0)
